This is pdfTeX, Version 3.14159265-2.6-1.40.18 (MiKTeX 2.9.6600) (preloaded format=pdflatex 2018.2.19)  23 MAR 2018 19:28
entering extended mode
**./Assignment2.tex
(Assignment2.tex
LaTeX2e <2016/02/01>
Babel <3.9q> and hyphenation patterns for 3 language(s) loaded.
(/usr/share/texlive/texmf-dist/tex/latex/base/article.cls
Document Class: article 2014/09/29 v1.4h Standard LaTeX document class
(/usr/share/texlive/texmf-dist/tex/latex/base/size10.clo
File: size10.clo 2014/09/29 v1.4h Standard LaTeX file (size option)
)
\c@part=\count79
\c@section=\count80
\c@subsection=\count81
\c@subsubsection=\count82
\c@paragraph=\count83
\c@subparagraph=\count84
\c@figure=\count85
\c@table=\count86
\abovecaptionskip=\skip41
\belowcaptionskip=\skip42
\bibindent=\dimen102
)
(/home/hans/.miktex/texmfs/install/tex/latex/geometry/geometry.sty
Package: geometry 2010/09/12 v5.6 Page Geometry

(/usr/share/texlive/texmf-dist/tex/latex/graphics/keyval.sty
Package: keyval 2014/10/28 v1.15 key=value parser (DPC)
\KV@toks@=\toks14
)
(/usr/share/texlive/texmf-dist/tex/generic/oberdiek/ifpdf.sty
Package: ifpdf 2011/01/30 v2.3 Provides the ifpdf switch (HO)
Package ifpdf Info: pdfTeX in PDF mode is detected.
)
(/usr/share/texlive/texmf-dist/tex/generic/oberdiek/ifvtex.sty
Package: ifvtex 2010/03/01 v1.5 Detect VTeX and its facilities (HO)
Package ifvtex Info: VTeX not detected.
)
(/usr/share/texlive/texmf-dist/tex/generic/ifxetex/ifxetex.sty
Package: ifxetex 2010/09/12 v0.6 Provides ifxetex conditional
)
\Gm@cnth=\count87
\Gm@cntv=\count88
\c@Gm@tempcnt=\count89
\Gm@bindingoffset=\dimen103
\Gm@wd@mp=\dimen104
\Gm@odd@mp=\dimen105
\Gm@even@mp=\dimen106
\Gm@layoutwidth=\dimen107
\Gm@layoutheight=\dimen108
\Gm@layouthoffset=\dimen109
\Gm@layoutvoffset=\dimen110
\Gm@dimlist=\toks15

(/home/hans/.miktex/texmfs/install/tex/latex/geometry/geometry.cfg))
(/usr/share/texlive/texmf-dist/tex/latex/mathtools/mathtools.sty
Package: mathtools 2015/11/12 v1.18 mathematical typesetting tools

(/usr/share/texlive/texmf-dist/tex/latex/tools/calc.sty
Package: calc 2014/10/28 v4.3 Infix arithmetic (KKT,FJ)
\calc@Acount=\count90
\calc@Bcount=\count91
\calc@Adimen=\dimen111
\calc@Bdimen=\dimen112
\calc@Askip=\skip43
\calc@Bskip=\skip44
LaTeX Info: Redefining \setlength on input line 80.
LaTeX Info: Redefining \addtolength on input line 81.
\calc@Ccount=\count92
\calc@Cskip=\skip45
)
(/usr/share/texlive/texmf-dist/tex/latex/mathtools/mhsetup.sty
Package: mhsetup 2010/01/21 v1.2a programming setup (MH)
)
(/usr/share/texlive/texmf-dist/tex/latex/amsmath/amsmath.sty
Package: amsmath 2016/03/03 v2.15a AMS math features
\@mathmargin=\skip46

For additional information on amsmath, use the `?' option.
(/usr/share/texlive/texmf-dist/tex/latex/amsmath/amstext.sty
Package: amstext 2000/06/29 v2.01 AMS text

(/usr/share/texlive/texmf-dist/tex/latex/amsmath/amsgen.sty
File: amsgen.sty 1999/11/30 v2.0 generic functions
\@emptytoks=\toks16
\ex@=\dimen113
))
(/usr/share/texlive/texmf-dist/tex/latex/amsmath/amsbsy.sty
Package: amsbsy 1999/11/29 v1.2d Bold Symbols
\pmbraise@=\dimen114
)
(/usr/share/texlive/texmf-dist/tex/latex/amsmath/amsopn.sty
Package: amsopn 1999/12/14 v2.01 operator names
)
\inf@bad=\count93
LaTeX Info: Redefining \frac on input line 199.
\uproot@=\count94
\leftroot@=\count95
LaTeX Info: Redefining \overline on input line 297.
\classnum@=\count96
\DOTSCASE@=\count97
LaTeX Info: Redefining \ldots on input line 394.
LaTeX Info: Redefining \dots on input line 397.
LaTeX Info: Redefining \cdots on input line 518.
\Mathstrutbox@=\box26
\strutbox@=\box27
\big@size=\dimen115
LaTeX Font Info:    Redeclaring font encoding OML on input line 630.
LaTeX Font Info:    Redeclaring font encoding OMS on input line 631.
\macc@depth=\count98
\c@MaxMatrixCols=\count99
\dotsspace@=\muskip10
\c@parentequation=\count100
\dspbrk@lvl=\count101
\tag@help=\toks17
\row@=\count102
\column@=\count103
\maxfields@=\count104
\andhelp@=\toks18
\eqnshift@=\dimen116
\alignsep@=\dimen117
\tagshift@=\dimen118
\tagwidth@=\dimen119
\totwidth@=\dimen120
\lineht@=\dimen121
\@envbody=\toks19
\multlinegap=\skip47
\multlinetaggap=\skip48
\mathdisplay@stack=\toks20
LaTeX Info: Redefining \[ on input line 2735.
LaTeX Info: Redefining \] on input line 2736.
)
LaTeX Info: Thecontrolsequence`\('isalreadyrobust on input line 129.
LaTeX Info: Thecontrolsequence`\)'isalreadyrobust on input line 129.
LaTeX Info: Thecontrolsequence`\['isalreadyrobust on input line 129.
LaTeX Info: Thecontrolsequence`\]'isalreadyrobust on input line 129.
\g_MT_multlinerow_int=\count105
\l_MT_multwidth_dim=\dimen122
\origjot=\skip49
\l_MT_shortvdotswithinadjustabove_dim=\dimen123
\l_MT_shortvdotswithinadjustbelow_dim=\dimen124
\l_MT_above_intertext_sep=\dimen125
\l_MT_below_intertext_sep=\dimen126
\l_MT_above_shortintertext_sep=\dimen127
\l_MT_below_shortintertext_sep=\dimen128
)
(/usr/share/texlive/texmf-dist/tex/latex/graphics/graphicx.sty
Package: graphicx 2014/10/28 v1.0g Enhanced LaTeX Graphics (DPC,SPQR)

(/usr/share/texlive/texmf-dist/tex/latex/graphics/graphics.sty
Package: graphics 2016/01/03 v1.0q Standard LaTeX Graphics (DPC,SPQR)

(/usr/share/texlive/texmf-dist/tex/latex/graphics/trig.sty
Package: trig 2016/01/03 v1.10 sin cos tan (DPC)
)
(/usr/share/texlive/texmf-dist/tex/latex/latexconfig/graphics.cfg
File: graphics.cfg 2010/04/23 v1.9 graphics configuration of TeX Live
)
Package graphics Info: Driver file: pdftex.def on input line 95.

(/usr/share/texlive/texmf-dist/tex/latex/pdftex-def/pdftex.def
File: pdftex.def 2011/05/27 v0.06d Graphics/color for pdfTeX

(/usr/share/texlive/texmf-dist/tex/generic/oberdiek/infwarerr.sty
Package: infwarerr 2010/04/08 v1.3 Providing info/warning/error messages (HO)
)
(/usr/share/texlive/texmf-dist/tex/generic/oberdiek/ltxcmds.sty
Package: ltxcmds 2011/11/09 v1.22 LaTeX kernel commands for general use (HO)
)
\Gread@gobject=\count106
))
\Gin@req@height=\dimen129
\Gin@req@width=\dimen130
)
(/usr/share/texlive/texmf-dist/tex/latex/float/float.sty
Package: float 2001/11/08 v1.3d Float enhancements (AL)
\c@float@type=\count107
\float@exts=\toks21
\float@box=\box28
\@float@everytoks=\toks22
\@floatcapt=\box29
)
(/usr/share/texlive/texmf-dist/tex/latex/placeins/placeins.sty
Package: placeins 2005/04/18  v 2.2
)
(/home/hans/.miktex/texmfs/install/tex/generic/genmisc/kbordermatrix.sty
Package: kbordermatrix 2011/09/21 Bordered matrix with brackets
\kbcolsep=\skip50
\kbrowsep=\skip51
\br@kwd=\skip52
\k@bordht=\skip53
)
(/usr/share/texlive/texmf-dist/tex/latex/amsfonts/amssymb.sty
Package: amssymb 2013/01/14 v3.01 AMS font symbols

(/usr/share/texlive/texmf-dist/tex/latex/amsfonts/amsfonts.sty
Package: amsfonts 2013/01/14 v3.01 Basic AMSFonts support
\symAMSa=\mathgroup4
\symAMSb=\mathgroup5
LaTeX Font Info:    Overwriting math alphabet `\mathfrak' in version `bold'
(Font)                  U/euf/m/n --> U/euf/b/n on input line 106.
))
(/usr/share/texlive/texmf-dist/tex/latex/ntheorem/ntheorem.sty
Style `ntheorem', Version 1.33 <2011/08/15>
Package: ntheorem 2011/08/15 1.33
(/usr/share/texlive/texmf-dist/tex/latex/base/ifthen.sty
Package: ifthen 2014/09/29 v1.1c Standard LaTeX ifthen package (DPC)
)
\theorem@style=\toks23
\theorem@@style=\toks24
\theorembodyfont=\toks25
\theoremnumbering=\toks26
\theorempreskipamount=\skip54
\theorempostskipamount=\skip55
\theoremframepreskipamount=\skip56
\theoremframepostskipamount=\skip57
\theoreminframepreskipamount=\skip58
\theoreminframepostskipamount=\skip59
\theorem@preskip=\toks27
\theorem@postskip=\toks28
\theorem@framepreskip=\toks29
\theorem@framepostskip=\toks30
\theorem@inframepreskip=\toks31
\theorem@inframepostskip=\toks32
\theoremindent=\dimen131
\theorem@indent=\dimen132
\theoremrightindent=\dimen133
\theorem@rightindent=\dimen134
\theoremheaderfont=\toks33
\theoremseparator=\toks34
\theoremprework=\toks35
\theorempostwork=\toks36
\theoremsymbol=\toks37
\qedsymbol=\toks38
\theoremkeyword=\toks39
\qedsymbol=\toks40
\thm@topsep=\skip60
\thm@topsepadd=\skip61
Package ntheorem Info: Option `thmmarks' loaded on input line 1175.
\c@endNonectr=\count108
\c@currNonectr=\count109
\mysavskip=\skip62
Package ntheorem Info: option `amsmath' handling for `thmmarks' loaded on input
 line 1175.
\thm@amstmpdepth=\dimen135
\tagwidth=\dimen136
Package ntheorem Info: Option `amsthm' loaded on input line 1175.
\c@proof=\count110
\c@currproofctr=\count111
\c@endproofctr=\count112
)
(/usr/share/texlive/texmf-dist/tex/latex/xcolor/xcolor.sty
Package: xcolor 2007/01/21 v2.11 LaTeX color extensions (UK)

(/usr/share/texlive/texmf-dist/tex/latex/latexconfig/color.cfg
File: color.cfg 2007/01/18 v1.5 color configuration of teTeX/TeXLive
)
Package xcolor Info: Driver file: pdftex.def on input line 225.

(/usr/share/texlive/texmf-dist/tex/latex/colortbl/colortbl.sty
Package: colortbl 2012/02/13 v1.0a Color table columns (DPC)

(/usr/share/texlive/texmf-dist/tex/latex/tools/array.sty
Package: array 2014/10/28 v2.4c Tabular extension package (FMi)
\col@sep=\dimen137
\extrarowheight=\dimen138
\NC@list=\toks41
\extratabsurround=\skip63
\backup@length=\skip64
)
\everycr=\toks42
\minrowclearance=\skip65
)
\rownum=\count113
Package xcolor Info: Model `cmy' substituted by `cmy0' on input line 1337.
Package xcolor Info: Model `hsb' substituted by `rgb' on input line 1341.
Package xcolor Info: Model `RGB' extended on input line 1353.
Package xcolor Info: Model `HTML' substituted by `rgb' on input line 1355.
Package xcolor Info: Model `Hsb' substituted by `hsb' on input line 1356.
Package xcolor Info: Model `tHsb' substituted by `hsb' on input line 1357.
Package xcolor Info: Model `HSB' substituted by `hsb' on input line 1358.
Package xcolor Info: Model `Gray' substituted by `gray' on input line 1359.
Package xcolor Info: Model `wave' substituted by `hsb' on input line 1360.
)
(/usr/share/texlive/texmf-dist/tex/latex/pgf/frontendlayer/tikz.sty
(/usr/share/texlive/texmf-dist/tex/latex/pgf/basiclayer/pgf.sty
(/usr/share/texlive/texmf-dist/tex/latex/pgf/utilities/pgfrcs.sty
(/usr/share/texlive/texmf-dist/tex/generic/pgf/utilities/pgfutil-common.tex
\pgfutil@everybye=\toks43
\pgfutil@tempdima=\dimen139
\pgfutil@tempdimb=\dimen140

(/usr/share/texlive/texmf-dist/tex/generic/pgf/utilities/pgfutil-common-lists.t
ex)) (/usr/share/texlive/texmf-dist/tex/generic/pgf/utilities/pgfutil-latex.def
\pgfutil@abb=\box30
(/usr/share/texlive/texmf-dist/tex/latex/ms/everyshi.sty
Package: everyshi 2001/05/15 v3.00 EveryShipout Package (MS)
))
(/usr/share/texlive/texmf-dist/tex/generic/pgf/utilities/pgfrcs.code.tex
Package: pgfrcs 2015/08/07 v3.0.1a (rcs-revision 1.31)
))
Package: pgf 2015/08/07 v3.0.1a (rcs-revision 1.15)

(/usr/share/texlive/texmf-dist/tex/latex/pgf/basiclayer/pgfcore.sty
(/usr/share/texlive/texmf-dist/tex/latex/pgf/systemlayer/pgfsys.sty
(/usr/share/texlive/texmf-dist/tex/generic/pgf/systemlayer/pgfsys.code.tex
Package: pgfsys 2014/07/09 v3.0.1a (rcs-revision 1.48)

(/usr/share/texlive/texmf-dist/tex/generic/pgf/utilities/pgfkeys.code.tex
\pgfkeys@pathtoks=\toks44
\pgfkeys@temptoks=\toks45

(/usr/share/texlive/texmf-dist/tex/generic/pgf/utilities/pgfkeysfiltered.code.t
ex
\pgfkeys@tmptoks=\toks46
))
\pgf@x=\dimen141
\pgf@y=\dimen142
\pgf@xa=\dimen143
\pgf@ya=\dimen144
\pgf@xb=\dimen145
\pgf@yb=\dimen146
\pgf@xc=\dimen147
\pgf@yc=\dimen148
\w@pgf@writea=\write3
\r@pgf@reada=\read1
\c@pgf@counta=\count114
\c@pgf@countb=\count115
\c@pgf@countc=\count116
\c@pgf@countd=\count117
\t@pgf@toka=\toks47
\t@pgf@tokb=\toks48
\t@pgf@tokc=\toks49
 (/usr/share/texlive/texmf-dist/tex/generic/pgf/systemlayer/pgf.cfg
File: pgf.cfg 2008/05/14  (rcs-revision 1.7)
)
Driver file for pgf: pgfsys-pdftex.def

(/usr/share/texlive/texmf-dist/tex/generic/pgf/systemlayer/pgfsys-pdftex.def
File: pgfsys-pdftex.def 2014/10/11  (rcs-revision 1.35)

(/usr/share/texlive/texmf-dist/tex/generic/pgf/systemlayer/pgfsys-common-pdf.de
f
File: pgfsys-common-pdf.def 2013/10/10  (rcs-revision 1.13)
)))
(/usr/share/texlive/texmf-dist/tex/generic/pgf/systemlayer/pgfsyssoftpath.code.
tex
File: pgfsyssoftpath.code.tex 2013/09/09  (rcs-revision 1.9)
\pgfsyssoftpath@smallbuffer@items=\count118
\pgfsyssoftpath@bigbuffer@items=\count119
)
(/usr/share/texlive/texmf-dist/tex/generic/pgf/systemlayer/pgfsysprotocol.code.
tex
File: pgfsysprotocol.code.tex 2006/10/16  (rcs-revision 1.4)
))
(/usr/share/texlive/texmf-dist/tex/generic/pgf/basiclayer/pgfcore.code.tex
Package: pgfcore 2010/04/11 v3.0.1a (rcs-revision 1.7)

(/usr/share/texlive/texmf-dist/tex/generic/pgf/math/pgfmath.code.tex
(/usr/share/texlive/texmf-dist/tex/generic/pgf/math/pgfmathcalc.code.tex
(/usr/share/texlive/texmf-dist/tex/generic/pgf/math/pgfmathutil.code.tex)
(/usr/share/texlive/texmf-dist/tex/generic/pgf/math/pgfmathparser.code.tex
\pgfmath@dimen=\dimen149
\pgfmath@count=\count120
\pgfmath@box=\box31
\pgfmath@toks=\toks50
\pgfmath@stack@operand=\toks51
\pgfmath@stack@operation=\toks52
)
(/usr/share/texlive/texmf-dist/tex/generic/pgf/math/pgfmathfunctions.code.tex
(/usr/share/texlive/texmf-dist/tex/generic/pgf/math/pgfmathfunctions.basic.code
.tex)
(/usr/share/texlive/texmf-dist/tex/generic/pgf/math/pgfmathfunctions.trigonomet
ric.code.tex)
(/usr/share/texlive/texmf-dist/tex/generic/pgf/math/pgfmathfunctions.random.cod
e.tex)
(/usr/share/texlive/texmf-dist/tex/generic/pgf/math/pgfmathfunctions.comparison
.code.tex)
(/usr/share/texlive/texmf-dist/tex/generic/pgf/math/pgfmathfunctions.base.code.
tex)
(/usr/share/texlive/texmf-dist/tex/generic/pgf/math/pgfmathfunctions.round.code
.tex)
(/usr/share/texlive/texmf-dist/tex/generic/pgf/math/pgfmathfunctions.misc.code.
tex)
(/usr/share/texlive/texmf-dist/tex/generic/pgf/math/pgfmathfunctions.integerari
thmetics.code.tex)))
(/usr/share/texlive/texmf-dist/tex/generic/pgf/math/pgfmathfloat.code.tex
\c@pgfmathroundto@lastzeros=\count121
))
(/usr/share/texlive/texmf-dist/tex/generic/pgf/basiclayer/pgfcorepoints.code.te
x
File: pgfcorepoints.code.tex 2013/10/07  (rcs-revision 1.27)
\pgf@picminx=\dimen150
\pgf@picmaxx=\dimen151
\pgf@picminy=\dimen152
\pgf@picmaxy=\dimen153
\pgf@pathminx=\dimen154
\pgf@pathmaxx=\dimen155
\pgf@pathminy=\dimen156
\pgf@pathmaxy=\dimen157
\pgf@xx=\dimen158
\pgf@xy=\dimen159
\pgf@yx=\dimen160
\pgf@yy=\dimen161
\pgf@zx=\dimen162
\pgf@zy=\dimen163
)
(/usr/share/texlive/texmf-dist/tex/generic/pgf/basiclayer/pgfcorepathconstruct.
code.tex
File: pgfcorepathconstruct.code.tex 2013/10/07  (rcs-revision 1.29)
\pgf@path@lastx=\dimen164
\pgf@path@lasty=\dimen165
)
(/usr/share/texlive/texmf-dist/tex/generic/pgf/basiclayer/pgfcorepathusage.code
.tex
File: pgfcorepathusage.code.tex 2014/11/02  (rcs-revision 1.24)
\pgf@shorten@end@additional=\dimen166
\pgf@shorten@start@additional=\dimen167
)
(/usr/share/texlive/texmf-dist/tex/generic/pgf/basiclayer/pgfcorescopes.code.te
x
File: pgfcorescopes.code.tex 2015/05/08  (rcs-revision 1.46)
\pgfpic=\box32
\pgf@hbox=\box33
\pgf@layerbox@main=\box34
\pgf@picture@serial@count=\count122
)
(/usr/share/texlive/texmf-dist/tex/generic/pgf/basiclayer/pgfcoregraphicstate.c
ode.tex
File: pgfcoregraphicstate.code.tex 2014/11/02  (rcs-revision 1.12)
\pgflinewidth=\dimen168
)
(/usr/share/texlive/texmf-dist/tex/generic/pgf/basiclayer/pgfcoretransformation
s.code.tex
File: pgfcoretransformations.code.tex 2015/08/07  (rcs-revision 1.20)
\pgf@pt@x=\dimen169
\pgf@pt@y=\dimen170
\pgf@pt@temp=\dimen171
)
(/usr/share/texlive/texmf-dist/tex/generic/pgf/basiclayer/pgfcorequick.code.tex
File: pgfcorequick.code.tex 2008/10/09  (rcs-revision 1.3)
)
(/usr/share/texlive/texmf-dist/tex/generic/pgf/basiclayer/pgfcoreobjects.code.t
ex
File: pgfcoreobjects.code.tex 2006/10/11  (rcs-revision 1.2)
)
(/usr/share/texlive/texmf-dist/tex/generic/pgf/basiclayer/pgfcorepathprocessing
.code.tex
File: pgfcorepathprocessing.code.tex 2013/09/09  (rcs-revision 1.9)
)
(/usr/share/texlive/texmf-dist/tex/generic/pgf/basiclayer/pgfcorearrows.code.te
x
File: pgfcorearrows.code.tex 2015/05/14  (rcs-revision 1.43)
\pgfarrowsep=\dimen172
)
(/usr/share/texlive/texmf-dist/tex/generic/pgf/basiclayer/pgfcoreshade.code.tex
File: pgfcoreshade.code.tex 2013/07/15  (rcs-revision 1.15)
\pgf@max=\dimen173
\pgf@sys@shading@range@num=\count123
)
(/usr/share/texlive/texmf-dist/tex/generic/pgf/basiclayer/pgfcoreimage.code.tex
File: pgfcoreimage.code.tex 2013/07/15  (rcs-revision 1.18)

(/usr/share/texlive/texmf-dist/tex/generic/pgf/basiclayer/pgfcoreexternal.code.
tex
File: pgfcoreexternal.code.tex 2014/07/09  (rcs-revision 1.21)
\pgfexternal@startupbox=\box35
))
(/usr/share/texlive/texmf-dist/tex/generic/pgf/basiclayer/pgfcorelayers.code.te
x
File: pgfcorelayers.code.tex 2013/07/18  (rcs-revision 1.7)
)
(/usr/share/texlive/texmf-dist/tex/generic/pgf/basiclayer/pgfcoretransparency.c
ode.tex
File: pgfcoretransparency.code.tex 2013/09/30  (rcs-revision 1.5)
)
(/usr/share/texlive/texmf-dist/tex/generic/pgf/basiclayer/pgfcorepatterns.code.
tex
File: pgfcorepatterns.code.tex 2013/11/07  (rcs-revision 1.5)
)))
(/usr/share/texlive/texmf-dist/tex/generic/pgf/modules/pgfmoduleshapes.code.tex
File: pgfmoduleshapes.code.tex 2014/03/21  (rcs-revision 1.35)
\pgfnodeparttextbox=\box36
) (/usr/share/texlive/texmf-dist/tex/generic/pgf/modules/pgfmoduleplot.code.tex
File: pgfmoduleplot.code.tex 2015/08/03  (rcs-revision 1.13)
)
(/usr/share/texlive/texmf-dist/tex/latex/pgf/compatibility/pgfcomp-version-0-65
.sty
Package: pgfcomp-version-0-65 2007/07/03 v3.0.1a (rcs-revision 1.7)
\pgf@nodesepstart=\dimen174
\pgf@nodesepend=\dimen175
)
(/usr/share/texlive/texmf-dist/tex/latex/pgf/compatibility/pgfcomp-version-1-18
.sty
Package: pgfcomp-version-1-18 2007/07/23 v3.0.1a (rcs-revision 1.1)
)) (/usr/share/texlive/texmf-dist/tex/latex/pgf/utilities/pgffor.sty
(/usr/share/texlive/texmf-dist/tex/latex/pgf/utilities/pgfkeys.sty
(/usr/share/texlive/texmf-dist/tex/generic/pgf/utilities/pgfkeys.code.tex))
(/usr/share/texlive/texmf-dist/tex/latex/pgf/math/pgfmath.sty
(/usr/share/texlive/texmf-dist/tex/generic/pgf/math/pgfmath.code.tex))
(/usr/share/texlive/texmf-dist/tex/generic/pgf/utilities/pgffor.code.tex
Package: pgffor 2013/12/13 v3.0.1a (rcs-revision 1.25)

(/usr/share/texlive/texmf-dist/tex/generic/pgf/math/pgfmath.code.tex)
\pgffor@iter=\dimen176
\pgffor@skip=\dimen177
\pgffor@stack=\toks53
\pgffor@toks=\toks54
))
(/usr/share/texlive/texmf-dist/tex/generic/pgf/frontendlayer/tikz/tikz.code.tex
Package: tikz 2015/08/07 v3.0.1a (rcs-revision 1.151)

(/usr/share/texlive/texmf-dist/tex/generic/pgf/libraries/pgflibraryplothandlers
.code.tex
File: pgflibraryplothandlers.code.tex 2013/08/31 v3.0.1a (rcs-revision 1.20)
\pgf@plot@mark@count=\count124
\pgfplotmarksize=\dimen178
)
\tikz@lastx=\dimen179
\tikz@lasty=\dimen180
\tikz@lastxsaved=\dimen181
\tikz@lastysaved=\dimen182
\tikzleveldistance=\dimen183
\tikzsiblingdistance=\dimen184
\tikz@figbox=\box37
\tikz@figbox@bg=\box38
\tikz@tempbox=\box39
\tikz@tempbox@bg=\box40
\tikztreelevel=\count125
\tikznumberofchildren=\count126
\tikznumberofcurrentchild=\count127
\tikz@fig@count=\count128

(/usr/share/texlive/texmf-dist/tex/generic/pgf/modules/pgfmodulematrix.code.tex
File: pgfmodulematrix.code.tex 2013/09/17  (rcs-revision 1.8)
\pgfmatrixcurrentrow=\count129
\pgfmatrixcurrentcolumn=\count130
\pgf@matrix@numberofcolumns=\count131
)
\tikz@expandcount=\count132

(/usr/share/texlive/texmf-dist/tex/generic/pgf/frontendlayer/tikz/libraries/tik
zlibrarytopaths.code.tex
File: tikzlibrarytopaths.code.tex 2008/06/17 v3.0.1a (rcs-revision 1.2)
)))
(/usr/share/texlive/texmf-dist/tex/latex/pdfpages/pdfpages.sty
Package: pdfpages 2015/09/18 v0.5d Insert pages of external PDF documents (AM)

(/usr/share/texlive/texmf-dist/tex/latex/eso-pic/eso-pic.sty
Package: eso-pic 2015/07/21 v2.0g eso-pic (RN)

(/usr/share/texlive/texmf-dist/tex/generic/oberdiek/atbegshi.sty
Package: atbegshi 2011/10/05 v1.16 At begin shipout hook (HO)
))
\AM@pagewidth=\dimen185
\AM@pageheight=\dimen186

(/usr/share/texlive/texmf-dist/tex/latex/pdfpages/pppdftex.def
File: pppdftex.def 2015/09/18 v0.5d Pdfpages driver for pdfTeX (AM)
)
\AM@pagebox=\box41
\AM@toc@title=\toks55
\c@AM@survey=\count133
\AM@templatesizebox=\box42
)
(/usr/share/texlive/texmf-dist/tex/generic/pgf/frontendlayer/tikz/libraries/tik
zlibraryarrows.code.tex
File: tikzlibraryarrows.code.tex 2008/01/09 v3.0.1a (rcs-revision 1.1)

(/usr/share/texlive/texmf-dist/tex/generic/pgf/libraries/pgflibraryarrows.code.
tex
File: pgflibraryarrows.code.tex 2013/09/23 v3.0.1a (rcs-revision 1.16)
\arrowsize=\dimen187
)) (Assignment2.aux)
\openout1 = `Assignment2.aux'.

LaTeX Font Info:    Checking defaults for OML/cmm/m/it on input line 36.
LaTeX Font Info:    ... okay on input line 36.
LaTeX Font Info:    Checking defaults for T1/cmr/m/n on input line 36.
LaTeX Font Info:    ... okay on input line 36.
LaTeX Font Info:    Checking defaults for OT1/cmr/m/n on input line 36.
LaTeX Font Info:    ... okay on input line 36.
LaTeX Font Info:    Checking defaults for OMS/cmsy/m/n on input line 36.
LaTeX Font Info:    ... okay on input line 36.
LaTeX Font Info:    Checking defaults for OMX/cmex/m/n on input line 36.
LaTeX Font Info:    ... okay on input line 36.
LaTeX Font Info:    Checking defaults for U/cmr/m/n on input line 36.
LaTeX Font Info:    ... okay on input line 36.

*geometry* driver: auto-detecting
*geometry* detected driver: pdftex
*geometry* verbose mode - [ preamble ] result:
* driver: pdftex
* paper: a4paper
* layout: <same size as paper>
* layoutoffset:(h,v)=(0.0pt,0.0pt)
* modes: 
* h-part:(L,W,R)=(90.3375pt, 416.83289pt, 90.3375pt)
* v-part:(T,H,B)=(90.3375pt, 664.37186pt, 90.3375pt)
* \paperwidth=597.50787pt
* \paperheight=845.04684pt
* \textwidth=416.83289pt
* \textheight=664.37186pt
* \oddsidemargin=18.0675pt
* \evensidemargin=18.0675pt
* \topmargin=-18.9325pt
* \headheight=12.0pt
* \headsep=25.0pt
* \topskip=10.0pt
* \footskip=30.0pt
* \marginparwidth=57.0pt
* \marginparsep=11.0pt
* \columnsep=10.0pt
* \skip\footins=9.0pt plus 4.0pt minus 2.0pt
* \hoffset=0.0pt
* \voffset=0.0pt
* \mag=1000
* \@twocolumnfalse
* \@twosidefalse
* \@mparswitchfalse
* \@reversemarginfalse
* (1in=72.27pt=25.4mm, 1cm=28.453pt)

(/usr/share/texlive/texmf-dist/tex/context/base/supp-pdf.mkii
[Loading MPS to PDF converter (version 2006.09.02).]
\scratchcounter=\count134
\scratchdimen=\dimen188
\scratchbox=\box43
\nofMPsegments=\count135
\nofMParguments=\count136
\everyMPshowfont=\toks56
\MPscratchCnt=\count137
\MPscratchDim=\dimen189
\MPnumerator=\count138
\makeMPintoPDFobject=\count139
\everyMPtoPDFconversion=\toks57
) (/usr/share/texlive/texmf-dist/tex/generic/oberdiek/pdftexcmds.sty
Package: pdftexcmds 2011/11/29 v0.20 Utility functions of pdfTeX for LuaTeX (HO
)

(/usr/share/texlive/texmf-dist/tex/generic/oberdiek/ifluatex.sty
Package: ifluatex 2010/03/01 v1.3 Provides the ifluatex switch (HO)
Package ifluatex Info: LuaTeX not detected.
)
Package pdftexcmds Info: LuaTeX not detected.
Package pdftexcmds Info: \pdf@primitive is available.
Package pdftexcmds Info: \pdf@ifprimitive is available.
Package pdftexcmds Info: \pdfdraftmode found.
)
(/usr/share/texlive/texmf-dist/tex/latex/oberdiek/epstopdf-base.sty
Package: epstopdf-base 2010/02/09 v2.5 Base part for package epstopdf

(/usr/share/texlive/texmf-dist/tex/latex/oberdiek/grfext.sty
Package: grfext 2010/08/19 v1.1 Manage graphics extensions (HO)

(/usr/share/texlive/texmf-dist/tex/generic/oberdiek/kvdefinekeys.sty
Package: kvdefinekeys 2011/04/07 v1.3 Define keys (HO)
))
(/usr/share/texlive/texmf-dist/tex/latex/oberdiek/kvoptions.sty
Package: kvoptions 2011/06/30 v3.11 Key value format for package options (HO)

(/usr/share/texlive/texmf-dist/tex/generic/oberdiek/kvsetkeys.sty
Package: kvsetkeys 2012/04/25 v1.16 Key value parser (HO)

(/usr/share/texlive/texmf-dist/tex/generic/oberdiek/etexcmds.sty
Package: etexcmds 2011/02/16 v1.5 Avoid name clashes with e-TeX commands (HO)
Package etexcmds Info: Could not find \expanded.
(etexcmds)             That can mean that you are not using pdfTeX 1.50 or
(etexcmds)             that some package has redefined \expanded.
(etexcmds)             In the latter case, load this package earlier.
)))
Package grfext Info: Graphics extension search list:
(grfext)             [.png,.pdf,.jpg,.mps,.jpeg,.jbig2,.jb2,.PNG,.PDF,.JPG,.JPE
G,.JBIG2,.JB2,.eps]
(grfext)             \AppendGraphicsExtensions on input line 452.

(/usr/share/texlive/texmf-dist/tex/latex/latexconfig/epstopdf-sys.cfg
File: epstopdf-sys.cfg 2010/07/13 v1.3 Configuration of (r)epstopdf for TeX Liv
e
))
ABD: EveryShipout initializing macros
\AtBeginShipoutBox=\box44

(/usr/share/texlive/texmf-dist/tex/latex/oberdiek/pdflscape.sty
Package: pdflscape 2008/08/11 v0.10 Display of landscape pages in PDF (HO)

(/usr/share/texlive/texmf-dist/tex/latex/graphics/lscape.sty
Package: lscape 2000/10/22 v3.01 Landscape Pages (DPC)
)
Package pdflscape Info: Auto-detected driver: pdftex on input line 80.
)
Underfull \hbox (badness 10000) in paragraph at lines 42--43

 []

LaTeX Font Info:    Try loading font information for U+msa on input line 43.
(/usr/share/texlive/texmf-dist/tex/latex/amsfonts/umsa.fd
File: umsa.fd 2013/01/14 v3.01 AMS symbols A
)
LaTeX Font Info:    Try loading font information for U+msb on input line 43.

(/usr/share/texlive/texmf-dist/tex/latex/amsfonts/umsb.fd
File: umsb.fd 2013/01/14 v3.01 AMS symbols B
)
Underfull \hbox (badness 10000) in paragraph at lines 43--44

 []


Underfull \hbox (badness 10000) in paragraph at lines 45--46

 []

(Assignment2.bbl)
Underfull \hbox (badness 10000) in paragraph at lines 58--59

 []

[1

{/usr/share/texlive/texmf-dist/fonts/map/pdftex/updmap/pdftex.map}]
Overfull \hbox (49.30464pt too wide) detected at line 96
\OMS/cmsy/m/n/10 jj[]jj[] \OT1/cmr/m/n/10 = [] [] [] = [] + [] + []
 []

<../Assignment2.pdf, id=14, 614.295pt x 794.97pt>
File: ../Assignment2.pdf Graphic file (type pdf)
 <use ../Assignment2.pdf>
Package pdftex.def Info: ../Assignment2.pdf used on input line 103.
(pdftex.def)             Requested size: 614.29349pt x 794.96806pt.
File: ../Assignment2.pdf Graphic file (type pdf)

<use ../Assignment2.pdf>
Package pdftex.def Info: ../Assignment2.pdf used on input line 103.
(pdftex.def)             Requested size: 614.29349pt x 794.96806pt.

<../Assignment2.pdf, id=17, page=1, 614.295pt x 794.97pt>
File: ../Assignment2.pdf Graphic file (type pdf)

<use ../Assignment2.pdf, page 1>
Package pdftex.def Info: ../Assignment2.pdf, page1 used on input line 103.
(pdftex.def)             Requested size: 541.88402pt x 701.3104pt.
File: ../Assignment2.pdf Graphic file (type pdf)
 <use ../Assignment2.pdf, page 1>
Package pdftex.def Info: ../Assignment2.pdf, page1 used on input line 103.
(pdftex.def)             Requested size: 678.45422pt x 877.99962pt.
 [2]
File: ../Assignment2.pdf Graphic file (type pdf)

<use ../Assignment2.pdf, page 1>
Package pdftex.def Info: ../Assignment2.pdf, page1 used on input line 103.
(pdftex.def)             Requested size: 678.45422pt x 877.99962pt.
File: ../Assignment2.pdf Graphic file (type pdf)
 <use ../Assignment2.pdf, page 1>
Package pdftex.def Info: ../Assignment2.pdf, page1 used on input line 103.
(pdftex.def)             Requested size: 678.45422pt x 877.99962pt.
File: ../Assignment2.pdf Graphic file (type pdf)

<use ../Assignment2.pdf, page 1>
Package pdftex.def Info: ../Assignment2.pdf, page1 used on input line 103.
(pdftex.def)             Requested size: 678.45422pt x 877.99962pt.
 [3 <../Assignment2.pdf>]
<../Assignment2.pdf, id=72, page=2, 614.295pt x 794.97pt>
File: ../Assignment2.pdf Graphic file (type pdf)

<use ../Assignment2.pdf, page 2>
Package pdftex.def Info: ../Assignment2.pdf, page2 used on input line 103.
(pdftex.def)             Requested size: 678.45422pt x 877.99962pt.
File: ../Assignment2.pdf Graphic file (type pdf)
 <use ../Assignment2.pdf, page 2>
Package pdftex.def Info: ../Assignment2.pdf, page2 used on input line 103.
(pdftex.def)             Requested size: 678.45422pt x 877.99962pt.
File: ../Assignment2.pdf Graphic file (type pdf)

<use ../Assignment2.pdf, page 2>
Package pdftex.def Info: ../Assignment2.pdf, page2 used on input line 103.
(pdftex.def)             Requested size: 678.45422pt x 877.99962pt.
 [4 <../Assignment2.pdf>]
<../Assignment2.pdf, id=76, page=3, 614.295pt x 794.97pt>
File: ../Assignment2.pdf Graphic file (type pdf)

<use ../Assignment2.pdf, page 3>
Package pdftex.def Info: ../Assignment2.pdf, page3 used on input line 103.
(pdftex.def)             Requested size: 678.45422pt x 877.99962pt.
File: ../Assignment2.pdf Graphic file (type pdf)
 <use ../Assignment2.pdf, page 3>
Package pdftex.def Info: ../Assignment2.pdf, page3 used on input line 103.
(pdftex.def)             Requested size: 678.45422pt x 877.99962pt.
File: ../Assignment2.pdf Graphic file (type pdf)

<use ../Assignment2.pdf, page 3>
Package pdftex.def Info: ../Assignment2.pdf, page3 used on input line 103.
(pdftex.def)             Requested size: 678.45422pt x 877.99962pt.
 [5 <../Assignment2.pdf>]
<../Assignment2.pdf, id=89, page=4, 614.295pt x 794.97pt>
File: ../Assignment2.pdf Graphic file (type pdf)

<use ../Assignment2.pdf, page 4>
Package pdftex.def Info: ../Assignment2.pdf, page4 used on input line 103.
(pdftex.def)             Requested size: 678.45422pt x 877.99962pt.
File: ../Assignment2.pdf Graphic file (type pdf)
 <use ../Assignment2.pdf, page 4>
Package pdftex.def Info: ../Assignment2.pdf, page4 used on input line 103.
(pdftex.def)             Requested size: 678.45422pt x 877.99962pt.
File: ../Assignment2.pdf Graphic file (type pdf)

<use ../Assignment2.pdf, page 4>
Package pdftex.def Info: ../Assignment2.pdf, page4 used on input line 103.
(pdftex.def)             Requested size: 678.45422pt x 877.99962pt.
 [6 <../Assignment2.pdf>]
<../Assignment2.pdf, id=101, page=5, 614.295pt x 794.97pt>
File: ../Assignment2.pdf Graphic file (type pdf)

<use ../Assignment2.pdf, page 5>
Package pdftex.def Info: ../Assignment2.pdf, page5 used on input line 103.
(pdftex.def)             Requested size: 678.45422pt x 877.99962pt.
File: ../Assignment2.pdf Graphic file (type pdf)
 <use ../Assignment2.pdf, page 5>
Package pdftex.def Info: ../Assignment2.pdf, page5 used on input line 103.
(pdftex.def)             Requested size: 678.45422pt x 877.99962pt.
File: ../Assignment2.pdf Graphic file (type pdf)

<use ../Assignment2.pdf, page 5>
Package pdftex.def Info: ../Assignment2.pdf, page5 used on input line 103.
(pdftex.def)             Requested size: 678.45422pt x 877.99962pt.
 [7 <../Assignment2.pdf>]
<../Assignment2.pdf, id=106, page=6, 614.295pt x 794.97pt>
File: ../Assignment2.pdf Graphic file (type pdf)

<use ../Assignment2.pdf, page 6>
Package pdftex.def Info: ../Assignment2.pdf, page6 used on input line 103.
(pdftex.def)             Requested size: 678.45422pt x 877.99962pt.
File: ../Assignment2.pdf Graphic file (type pdf)
 <use ../Assignment2.pdf, page 6>
Package pdftex.def Info: ../Assignment2.pdf, page6 used on input line 103.
(pdftex.def)             Requested size: 678.45422pt x 877.99962pt.
File: ../Assignment2.pdf Graphic file (type pdf)

<use ../Assignment2.pdf, page 6>
Package pdftex.def Info: ../Assignment2.pdf, page6 used on input line 103.
(pdftex.def)             Requested size: 678.45422pt x 877.99962pt.
 [8 <../Assignment2.pdf>]
<../Assignment2.pdf, id=118, page=7, 614.295pt x 794.97pt>
File: ../Assignment2.pdf Graphic file (type pdf)

<use ../Assignment2.pdf, page 7>
Package pdftex.def Info: ../Assignment2.pdf, page7 used on input line 103.
(pdftex.def)             Requested size: 678.45422pt x 877.99962pt.
File: ../Assignment2.pdf Graphic file (type pdf)
 <use ../Assignment2.pdf, page 7>
Package pdftex.def Info: ../Assignment2.pdf, page7 used on input line 103.
(pdftex.def)             Requested size: 678.45422pt x 877.99962pt.
File: ../Assignment2.pdf Graphic file (type pdf)

<use ../Assignment2.pdf, page 7>
Package pdftex.def Info: ../Assignment2.pdf, page7 used on input line 103.
(pdftex.def)             Requested size: 678.45422pt x 877.99962pt.
 [9 <../Assignment2.pdf>]
<../Assignment2.pdf, id=130, page=8, 614.295pt x 794.97pt>
File: ../Assignment2.pdf Graphic file (type pdf)

<use ../Assignment2.pdf, page 8>
Package pdftex.def Info: ../Assignment2.pdf, page8 used on input line 103.
(pdftex.def)             Requested size: 678.45422pt x 877.99962pt.
File: ../Assignment2.pdf Graphic file (type pdf)
 <use ../Assignment2.pdf, page 8>
Package pdftex.def Info: ../Assignment2.pdf, page8 used on input line 103.
(pdftex.def)             Requested size: 678.45422pt x 877.99962pt.
File: ../Assignment2.pdf Graphic file (type pdf)

<use ../Assignment2.pdf, page 8>
Package pdftex.def Info: ../Assignment2.pdf, page8 used on input line 103.
(pdftex.def)             Requested size: 678.45422pt x 877.99962pt.
 [10 <../Assignment2.pdf>]
<../Assignment2.pdf, id=143, page=9, 614.295pt x 794.97pt>
File: ../Assignment2.pdf Graphic file (type pdf)

<use ../Assignment2.pdf, page 9>
Package pdftex.def Info: ../Assignment2.pdf, page9 used on input line 103.
(pdftex.def)             Requested size: 678.45422pt x 877.99962pt.
File: ../Assignment2.pdf Graphic file (type pdf)
 <use ../Assignment2.pdf, page 9>
Package pdftex.def Info: ../Assignment2.pdf, page9 used on input line 103.
(pdftex.def)             Requested size: 678.45422pt x 877.99962pt.
File: ../Assignment2.pdf Graphic file (type pdf)

<use ../Assignment2.pdf, page 9>
Package pdftex.def Info: ../Assignment2.pdf, page9 used on input line 103.
(pdftex.def)             Requested size: 678.45422pt x 877.99962pt.
 [11 <../Assignment2.pdf>]
<../Assignment2.pdf, id=155, page=10, 614.295pt x 794.97pt>
File: ../Assignment2.pdf Graphic file (type pdf)

<use ../Assignment2.pdf, page 10>
Package pdftex.def Info: ../Assignment2.pdf, page10 used on input line 103.
(pdftex.def)             Requested size: 678.45422pt x 877.99962pt.
File: ../Assignment2.pdf Graphic file (type pdf)
 <use ../Assignment2.pdf, page 10>
Package pdftex.def Info: ../Assignment2.pdf, page10 used on input line 103.
(pdftex.def)             Requested size: 678.45422pt x 877.99962pt.
File: ../Assignment2.pdf Graphic file (type pdf)

<use ../Assignment2.pdf, page 10>
Package pdftex.def Info: ../Assignment2.pdf, page10 used on input line 103.
(pdftex.def)             Requested size: 678.45422pt x 877.99962pt.
 [12 <../Assignment2.pdf>]
<../Assignment2.pdf, id=168, page=11, 614.295pt x 794.97pt>
File: ../Assignment2.pdf Graphic file (type pdf)

<use ../Assignment2.pdf, page 11>
Package pdftex.def Info: ../Assignment2.pdf, page11 used on input line 103.
(pdftex.def)             Requested size: 678.45422pt x 877.99962pt.
File: ../Assignment2.pdf Graphic file (type pdf)
 <use ../Assignment2.pdf, page 11>
Package pdftex.def Info: ../Assignment2.pdf, page11 used on input line 103.
(pdftex.def)             Requested size: 678.45422pt x 877.99962pt.
File: ../Assignment2.pdf Graphic file (type pdf)

<use ../Assignment2.pdf, page 11>
Package pdftex.def Info: ../Assignment2.pdf, page11 used on input line 103.
(pdftex.def)             Requested size: 678.45422pt x 877.99962pt.
 [13 <../Assignment2.pdf>]
<../Assignment2.pdf, id=182, page=12, 614.295pt x 794.97pt>
File: ../Assignment2.pdf Graphic file (type pdf)

<use ../Assignment2.pdf, page 12>
Package pdftex.def Info: ../Assignment2.pdf, page12 used on input line 103.
(pdftex.def)             Requested size: 678.45422pt x 877.99962pt.
File: ../Assignment2.pdf Graphic file (type pdf)
 <use ../Assignment2.pdf, page 12>
Package pdftex.def Info: ../Assignment2.pdf, page12 used on input line 103.
(pdftex.def)             Requested size: 678.45422pt x 877.99962pt.
File: ../Assignment2.pdf Graphic file (type pdf)

<use ../Assignment2.pdf, page 12>
Package pdftex.def Info: ../Assignment2.pdf, page12 used on input line 103.
(pdftex.def)             Requested size: 678.45422pt x 877.99962pt.
 [14 <../Assignment2.pdf>]
<../Assignment2.pdf, id=186, page=13, 614.295pt x 794.97pt>
File: ../Assignment2.pdf Graphic file (type pdf)

<use ../Assignment2.pdf, page 13>
Package pdftex.def Info: ../Assignment2.pdf, page13 used on input line 103.
(pdftex.def)             Requested size: 678.45422pt x 877.99962pt.
File: ../Assignment2.pdf Graphic file (type pdf)
 <use ../Assignment2.pdf, page 13>
Package pdftex.def Info: ../Assignment2.pdf, page13 used on input line 103.
(pdftex.def)             Requested size: 678.45422pt x 877.99962pt.
File: ../Assignment2.pdf Graphic file (type pdf)

<use ../Assignment2.pdf, page 13>
Package pdftex.def Info: ../Assignment2.pdf, page13 used on input line 103.
(pdftex.def)             Requested size: 678.45422pt x 877.99962pt.
 [15 <../Assignment2.pdf>]
<../Assignment2.pdf, id=190, page=14, 614.295pt x 794.97pt>
File: ../Assignment2.pdf Graphic file (type pdf)

<use ../Assignment2.pdf, page 14>
Package pdftex.def Info: ../Assignment2.pdf, page14 used on input line 103.
(pdftex.def)             Requested size: 678.45422pt x 877.99962pt.
File: ../Assignment2.pdf Graphic file (type pdf)
 <use ../Assignment2.pdf, page 14>
Package pdftex.def Info: ../Assignment2.pdf, page14 used on input line 103.
(pdftex.def)             Requested size: 678.45422pt x 877.99962pt.
File: ../Assignment2.pdf Graphic file (type pdf)

<use ../Assignment2.pdf, page 14>
Package pdftex.def Info: ../Assignment2.pdf, page14 used on input line 103.
(pdftex.def)             Requested size: 678.45422pt x 877.99962pt.
 [16 <../Assignment2.pdf>]
\tf@thm=\write4
\openout4 = `Assignment2.thm'.

 (Assignment2.aux) ) 
Here is how much of TeX's memory you used:
 14940 strings out of 495219
 291615 string characters out of 3181571
 337598 words of memory out of 3000000
 17919 multiletter control sequences out of 15000+200000
 6598 words of font info for 26 fonts, out of 3000000 for 9000
 14 hyphenation exceptions out of 8191
 55i,18n,54p,973b,427s stack positions out of 5000i,500n,10000p,200000b,50000s
</usr/share/texlive/texmf-dist/fonts/type1/public/amsfonts/
cm/cmbx10.pfb></usr/share/texlive/texmf-dist/fonts/type1/public/amsfonts/cm/cmb
x12.pfb></usr/share/texlive/texmf-dist/fonts/type1/public/amsfonts/cm/cmex10.pf
b></usr/share/texlive/texmf-dist/fonts/type1/public/amsfonts/cm/cmmi10.pfb></us
r/share/texlive/texmf-dist/fonts/type1/public/amsfonts/cm/cmmi5.pfb></usr/share
/texlive/texmf-dist/fonts/type1/public/amsfonts/cm/cmmi7.pfb></usr/share/texliv
e/texmf-dist/fonts/type1/public/amsfonts/cm/cmr10.pfb></usr/share/texlive/texmf
-dist/fonts/type1/public/amsfonts/cm/cmr5.pfb></usr/share/texlive/texmf-dist/fo
nts/type1/public/amsfonts/cm/cmr7.pfb></usr/share/texlive/texmf-dist/fonts/type
1/public/amsfonts/cm/cmsy10.pfb></usr/share/texlive/texmf-dist/fonts/type1/publ
ic/amsfonts/cm/cmsy7.pfb></usr/share/texlive/texmf-dist/fonts/type1/public/amsf
onts/cm/cmti10.pfb></usr/share/texmf/fonts/type1/public/lm/lmbx12.pfb></usr/sha
re/texmf/fonts/type1/public/lm/lmr10.pfb></usr/share/texmf/fonts/type1/public/l
m/lmr17.pfb></usr/share/texmf/fonts/type1/public/lm/lmri12.pfb></usr/share/texm
f/fonts/type1/public/lm/lmtk10.pfb></usr/share/texmf/fonts/type1/public/lm/lmtt
10.pfb></usr/share/texmf/fonts/type1/public/lm/lmtti10.pfb>
Output written on Assignment2.pdf (16 pages, 434212 bytes).
PDF statistics:
 247 PDF objects out of 1000 (max. 8388607)
 0 named destinations out of 1000 (max. 500000)
 98 words of extra memory for PDF output out of 10000 (max. 10000000)

